{"C:\\Users\\YouCode\\Desktop\\SeriousProjects\\SprintSnap-\\Server\\src\\config\\mailing.config.js": {"path":"C:\\Users\\YouCode\\Desktop\\SeriousProjects\\SprintSnap-\\Server\\src\\config\\mailing.config.js","statementMap":{"0":{"start":{"line":1,"column":19},"end":{"line":1,"column":40}},"1":{"start":{"line":2,"column":0},"end":{"line":2,"column":27}},"2":{"start":{"line":4,"column":20},"end":{"line":12,"column":2}},"3":{"start":{"line":14,"column":0},"end":{"line":14,"column":29}}},"fnMap":{},"branchMap":{},"s":{"0":2,"1":2,"2":2,"3":2},"f":{},"b":{},"_coverageSchema":"1a1c01bbd47fc00a2c39e90264f33305004495a9","hash":"67768059da6c11265dcdc866005599d5f7bd4fdf"}
,"C:\\Users\\YouCode\\Desktop\\SeriousProjects\\SprintSnap-\\Server\\src\\controllers\\auth.controller.js": {"path":"C:\\Users\\YouCode\\Desktop\\SeriousProjects\\SprintSnap-\\Server\\src\\controllers\\auth.controller.js","statementMap":{"0":{"start":{"line":1,"column":29},"end":{"line":1,"column":57}},"1":{"start":{"line":2,"column":20},"end":{"line":2,"column":51}},"2":{"start":{"line":3,"column":15},"end":{"line":3,"column":34}},"3":{"start":{"line":7,"column":4},"end":{"line":7,"column":39}},"4":{"start":{"line":8,"column":12},"end":{"line":8,"column":35}},"5":{"start":{"line":9,"column":33},"end":{"line":9,"column":63}},"6":{"start":{"line":10,"column":20},"end":{"line":10,"column":55}},"7":{"start":{"line":12,"column":24},"end":{"line":12,"column":32}},"8":{"start":{"line":16,"column":4},"end":{"line":16,"column":31}},"9":{"start":{"line":18,"column":10},"end":{"line":73,"column":3}},"10":{"start":{"line":19,"column":19},"end":{"line":19,"column":40}},"11":{"start":{"line":20,"column":4},"end":{"line":22,"column":5}},"12":{"start":{"line":21,"column":6},"end":{"line":21,"column":62}},"13":{"start":{"line":24,"column":32},"end":{"line":24,"column":40}},"14":{"start":{"line":25,"column":4},"end":{"line":72,"column":5}},"15":{"start":{"line":26,"column":27},"end":{"line":26,"column":67}},"16":{"start":{"line":27,"column":6},"end":{"line":28,"column":76}},"17":{"start":{"line":28,"column":8},"end":{"line":28,"column":76}},"18":{"start":{"line":29,"column":28},"end":{"line":32,"column":7}},"19":{"start":{"line":34,"column":6},"end":{"line":36,"column":7}},"20":{"start":{"line":35,"column":8},"end":{"line":35,"column":76}},"21":{"start":{"line":37,"column":22},"end":{"line":41,"column":7}},"22":{"start":{"line":43,"column":27},"end":{"line":43,"column":61}},"23":{"start":{"line":44,"column":6},"end":{"line":44,"column":74}},"24":{"start":{"line":46,"column":20},"end":{"line":48,"column":8}},"25":{"start":{"line":50,"column":6},"end":{"line":54,"column":9}},"26":{"start":{"line":55,"column":6},"end":{"line":60,"column":9}},"27":{"start":{"line":61,"column":6},"end":{"line":69,"column":9}},"28":{"start":{"line":71,"column":6},"end":{"line":71,"column":63}},"29":{"start":{"line":74,"column":11},"end":{"line":78,"column":3}},"30":{"start":{"line":75,"column":4},"end":{"line":75,"column":34}},"31":{"start":{"line":76,"column":4},"end":{"line":76,"column":35}},"32":{"start":{"line":77,"column":4},"end":{"line":77,"column":59}},"33":{"start":{"line":80,"column":19},"end":{"line":99,"column":3}},"34":{"start":{"line":81,"column":19},"end":{"line":81,"column":40}},"35":{"start":{"line":82,"column":4},"end":{"line":84,"column":5}},"36":{"start":{"line":83,"column":6},"end":{"line":83,"column":62}},"37":{"start":{"line":86,"column":22},"end":{"line":86,"column":30}},"38":{"start":{"line":87,"column":4},"end":{"line":98,"column":5}},"39":{"start":{"line":88,"column":27},"end":{"line":88,"column":67}},"40":{"start":{"line":89,"column":6},"end":{"line":90,"column":76}},"41":{"start":{"line":90,"column":8},"end":{"line":90,"column":76}},"42":{"start":{"line":92,"column":6},"end":{"line":92,"column":55}},"43":{"start":{"line":94,"column":6},"end":{"line":94,"column":72}},"44":{"start":{"line":96,"column":6},"end":{"line":96,"column":27}},"45":{"start":{"line":97,"column":6},"end":{"line":97,"column":63}},"46":{"start":{"line":100,"column":18},"end":{"line":112,"column":3}},"47":{"start":{"line":101,"column":55},"end":{"line":101,"column":63}},"48":{"start":{"line":102,"column":4},"end":{"line":111,"column":5}},"49":{"start":{"line":103,"column":6},"end":{"line":104,"column":75}},"50":{"start":{"line":104,"column":8},"end":{"line":104,"column":75}},"51":{"start":{"line":105,"column":24},"end":{"line":105,"column":65}},"52":{"start":{"line":106,"column":6},"end":{"line":106,"column":57}},"53":{"start":{"line":108,"column":6},"end":{"line":108,"column":76}},"54":{"start":{"line":110,"column":6},"end":{"line":110,"column":64}},"55":{"start":{"line":114,"column":26},"end":{"line":130,"column":3}},"56":{"start":{"line":115,"column":22},"end":{"line":115,"column":30}},"57":{"start":{"line":116,"column":4},"end":{"line":129,"column":5}},"58":{"start":{"line":117,"column":19},"end":{"line":117,"column":59}},"59":{"start":{"line":118,"column":6},"end":{"line":121,"column":63}},"60":{"start":{"line":119,"column":8},"end":{"line":121,"column":63}},"61":{"start":{"line":123,"column":6},"end":{"line":123,"column":63}},"62":{"start":{"line":124,"column":6},"end":{"line":126,"column":78}},"63":{"start":{"line":128,"column":6},"end":{"line":128,"column":72}},"64":{"start":{"line":131,"column":16},"end":{"line":142,"column":3}},"65":{"start":{"line":132,"column":22},"end":{"line":132,"column":30}},"66":{"start":{"line":133,"column":4},"end":{"line":141,"column":5}},"67":{"start":{"line":134,"column":24},"end":{"line":134,"column":65}},"68":{"start":{"line":135,"column":6},"end":{"line":135,"column":44}},"69":{"start":{"line":136,"column":6},"end":{"line":138,"column":72}},"70":{"start":{"line":140,"column":6},"end":{"line":140,"column":72}},"71":{"start":{"line":145,"column":0},"end":{"line":145,"column":32}}},"fnMap":{"0":{"name":"(anonymous_0)","decl":{"start":{"line":12,"column":24},"end":{"line":12,"column":25}},"loc":{"start":{"line":12,"column":30},"end":{"line":12,"column":32}},"line":12},"1":{"name":"(anonymous_1)","decl":{"start":{"line":15,"column":2},"end":{"line":15,"column":3}},"loc":{"start":{"line":15,"column":27},"end":{"line":17,"column":3}},"line":15},"2":{"name":"(anonymous_2)","decl":{"start":{"line":18,"column":10},"end":{"line":18,"column":11}},"loc":{"start":{"line":18,"column":30},"end":{"line":73,"column":3}},"line":18},"3":{"name":"(anonymous_3)","decl":{"start":{"line":74,"column":11},"end":{"line":74,"column":12}},"loc":{"start":{"line":74,"column":31},"end":{"line":78,"column":3}},"line":74},"4":{"name":"(anonymous_4)","decl":{"start":{"line":80,"column":19},"end":{"line":80,"column":20}},"loc":{"start":{"line":80,"column":39},"end":{"line":99,"column":3}},"line":80},"5":{"name":"(anonymous_5)","decl":{"start":{"line":100,"column":18},"end":{"line":100,"column":19}},"loc":{"start":{"line":100,"column":38},"end":{"line":112,"column":3}},"line":100},"6":{"name":"(anonymous_6)","decl":{"start":{"line":114,"column":26},"end":{"line":114,"column":27}},"loc":{"start":{"line":114,"column":46},"end":{"line":130,"column":3}},"line":114},"7":{"name":"(anonymous_7)","decl":{"start":{"line":131,"column":16},"end":{"line":131,"column":17}},"loc":{"start":{"line":131,"column":36},"end":{"line":142,"column":3}},"line":131}},"branchMap":{"0":{"loc":{"start":{"line":20,"column":4},"end":{"line":22,"column":5}},"type":"if","locations":[{"start":{"line":20,"column":4},"end":{"line":22,"column":5}},{"start":{},"end":{}}],"line":20},"1":{"loc":{"start":{"line":27,"column":6},"end":{"line":28,"column":76}},"type":"if","locations":[{"start":{"line":27,"column":6},"end":{"line":28,"column":76}},{"start":{},"end":{}}],"line":27},"2":{"loc":{"start":{"line":34,"column":6},"end":{"line":36,"column":7}},"type":"if","locations":[{"start":{"line":34,"column":6},"end":{"line":36,"column":7}},{"start":{},"end":{}}],"line":34},"3":{"loc":{"start":{"line":82,"column":4},"end":{"line":84,"column":5}},"type":"if","locations":[{"start":{"line":82,"column":4},"end":{"line":84,"column":5}},{"start":{},"end":{}}],"line":82},"4":{"loc":{"start":{"line":89,"column":6},"end":{"line":90,"column":76}},"type":"if","locations":[{"start":{"line":89,"column":6},"end":{"line":90,"column":76}},{"start":{},"end":{}}],"line":89},"5":{"loc":{"start":{"line":103,"column":6},"end":{"line":104,"column":75}},"type":"if","locations":[{"start":{"line":103,"column":6},"end":{"line":104,"column":75}},{"start":{},"end":{}}],"line":103},"6":{"loc":{"start":{"line":118,"column":6},"end":{"line":121,"column":63}},"type":"if","locations":[{"start":{"line":118,"column":6},"end":{"line":121,"column":63}},{"start":{},"end":{}}],"line":118}},"s":{"0":2,"1":2,"2":2,"3":2,"4":2,"5":2,"6":2,"7":2,"8":2,"9":2,"10":3,"11":3,"12":0,"13":3,"14":3,"15":3,"16":3,"17":1,"18":2,"19":2,"20":1,"21":1,"22":1,"23":1,"24":1,"25":1,"26":1,"27":1,"28":0,"29":2,"30":0,"31":0,"32":0,"33":2,"34":0,"35":0,"36":0,"37":0,"38":0,"39":0,"40":0,"41":0,"42":0,"43":0,"44":0,"45":0,"46":2,"47":0,"48":0,"49":0,"50":0,"51":0,"52":0,"53":0,"54":0,"55":2,"56":0,"57":0,"58":0,"59":0,"60":0,"61":0,"62":0,"63":0,"64":2,"65":0,"66":0,"67":0,"68":0,"69":0,"70":0,"71":2},"f":{"0":0,"1":2,"2":3,"3":0,"4":0,"5":0,"6":0,"7":0},"b":{"0":[0,3],"1":[1,2],"2":[1,1],"3":[0,0],"4":[0,0],"5":[0,0],"6":[0,0]},"_coverageSchema":"1a1c01bbd47fc00a2c39e90264f33305004495a9","hash":"8e48501538255e4c57ece445b56da5eca4f213d0"}
,"C:\\Users\\YouCode\\Desktop\\SeriousProjects\\SprintSnap-\\Server\\src\\controllers\\project.controller.js": {"path":"C:\\Users\\YouCode\\Desktop\\SeriousProjects\\SprintSnap-\\Server\\src\\controllers\\project.controller.js","statementMap":{"0":{"start":{"line":1,"column":29},"end":{"line":1,"column":57}},"1":{"start":{"line":2,"column":31},"end":{"line":2,"column":59}},"2":{"start":{"line":3,"column":30},"end":{"line":3,"column":49}},"3":{"start":{"line":4,"column":26},"end":{"line":4,"column":67}},"4":{"start":{"line":5,"column":19},"end":{"line":5,"column":56}},"5":{"start":{"line":10,"column":4},"end":{"line":10,"column":27}},"6":{"start":{"line":12,"column":11},"end":{"line":17,"column":3}},"7":{"start":{"line":13,"column":4},"end":{"line":16,"column":22}},"8":{"start":{"line":14,"column":23},"end":{"line":14,"column":62}},"9":{"start":{"line":15,"column":6},"end":{"line":15,"column":48}},"10":{"start":{"line":18,"column":11},"end":{"line":29,"column":3}},"11":{"start":{"line":19,"column":4},"end":{"line":28,"column":5}},"12":{"start":{"line":20,"column":20},"end":{"line":20,"column":60}},"13":{"start":{"line":21,"column":32},"end":{"line":21,"column":65}},"14":{"start":{"line":22,"column":26},"end":{"line":22,"column":75}},"15":{"start":{"line":24,"column":6},"end":{"line":24,"column":49}},"16":{"start":{"line":25,"column":6},"end":{"line":25,"column":47}},"17":{"start":{"line":27,"column":6},"end":{"line":27,"column":25}},"18":{"start":{"line":30,"column":11},"end":{"line":41,"column":3}},"19":{"start":{"line":31,"column":17},"end":{"line":31,"column":57}},"20":{"start":{"line":32,"column":4},"end":{"line":40,"column":5}},"21":{"start":{"line":33,"column":26},"end":{"line":33,"column":78}},"22":{"start":{"line":34,"column":22},"end":{"line":34,"column":60}},"23":{"start":{"line":35,"column":6},"end":{"line":37,"column":68}},"24":{"start":{"line":39,"column":6},"end":{"line":39,"column":25}},"25":{"start":{"line":43,"column":19},"end":{"line":50,"column":3}},"26":{"start":{"line":44,"column":19},"end":{"line":44,"column":40}},"27":{"start":{"line":45,"column":4},"end":{"line":47,"column":5}},"28":{"start":{"line":46,"column":6},"end":{"line":46,"column":62}},"29":{"start":{"line":48,"column":4},"end":{"line":49,"column":22}},"30":{"start":{"line":51,"column":11},"end":{"line":61,"column":3}},"31":{"start":{"line":52,"column":4},"end":{"line":60,"column":5}},"32":{"start":{"line":53,"column":22},"end":{"line":53,"column":57}},"33":{"start":{"line":54,"column":6},"end":{"line":54,"column":27}},"34":{"start":{"line":55,"column":6},"end":{"line":57,"column":68}},"35":{"start":{"line":59,"column":6},"end":{"line":59,"column":25}},"36":{"start":{"line":64,"column":0},"end":{"line":64,"column":35}}},"fnMap":{"0":{"name":"(anonymous_0)","decl":{"start":{"line":9,"column":2},"end":{"line":9,"column":3}},"loc":{"start":{"line":9,"column":23},"end":{"line":11,"column":3}},"line":9},"1":{"name":"(anonymous_1)","decl":{"start":{"line":12,"column":11},"end":{"line":12,"column":12}},"loc":{"start":{"line":12,"column":31},"end":{"line":17,"column":3}},"line":12},"2":{"name":"(anonymous_2)","decl":{"start":{"line":18,"column":11},"end":{"line":18,"column":12}},"loc":{"start":{"line":18,"column":31},"end":{"line":29,"column":3}},"line":18},"3":{"name":"(anonymous_3)","decl":{"start":{"line":30,"column":11},"end":{"line":30,"column":12}},"loc":{"start":{"line":30,"column":31},"end":{"line":41,"column":3}},"line":30},"4":{"name":"(anonymous_4)","decl":{"start":{"line":43,"column":19},"end":{"line":43,"column":20}},"loc":{"start":{"line":43,"column":39},"end":{"line":50,"column":3}},"line":43},"5":{"name":"(anonymous_5)","decl":{"start":{"line":51,"column":11},"end":{"line":51,"column":12}},"loc":{"start":{"line":51,"column":31},"end":{"line":61,"column":3}},"line":51}},"branchMap":{"0":{"loc":{"start":{"line":45,"column":4},"end":{"line":47,"column":5}},"type":"if","locations":[{"start":{"line":45,"column":4},"end":{"line":47,"column":5}},{"start":{},"end":{}}],"line":45}},"s":{"0":2,"1":2,"2":2,"3":2,"4":2,"5":2,"6":2,"7":0,"8":0,"9":0,"10":2,"11":0,"12":0,"13":0,"14":0,"15":0,"16":0,"17":0,"18":2,"19":1,"20":1,"21":1,"22":1,"23":1,"24":0,"25":2,"26":0,"27":0,"28":0,"29":0,"30":2,"31":0,"32":0,"33":0,"34":0,"35":0,"36":2},"f":{"0":2,"1":0,"2":0,"3":1,"4":0,"5":0},"b":{"0":[0,0]},"_coverageSchema":"1a1c01bbd47fc00a2c39e90264f33305004495a9","hash":"8516c804c5afc488616ff4601a51a685a2321198"}
,"C:\\Users\\YouCode\\Desktop\\SeriousProjects\\SprintSnap-\\Server\\src\\controllers\\team.controller.js": {"path":"C:\\Users\\YouCode\\Desktop\\SeriousProjects\\SprintSnap-\\Server\\src\\controllers\\team.controller.js","statementMap":{"0":{"start":{"line":1,"column":13},"end":{"line":1,"column":44}},"1":{"start":{"line":2,"column":20},"end":{"line":2,"column":55}},"2":{"start":{"line":7,"column":4},"end":{"line":7,"column":27}},"3":{"start":{"line":9,"column":11},"end":{"line":12,"column":3}},"4":{"start":{"line":10,"column":17},"end":{"line":10,"column":56}},"5":{"start":{"line":11,"column":4},"end":{"line":11,"column":16}},"6":{"start":{"line":13,"column":14},"end":{"line":16,"column":3}},"7":{"start":{"line":14,"column":17},"end":{"line":14,"column":61}},"8":{"start":{"line":15,"column":4},"end":{"line":15,"column":16}},"9":{"start":{"line":18,"column":16},"end":{"line":18,"column":37}},"10":{"start":{"line":19,"column":31},"end":{"line":19,"column":58}},"11":{"start":{"line":21,"column":0},"end":{"line":21,"column":40}}},"fnMap":{"0":{"name":"(anonymous_0)","decl":{"start":{"line":6,"column":2},"end":{"line":6,"column":3}},"loc":{"start":{"line":6,"column":23},"end":{"line":8,"column":3}},"line":6},"1":{"name":"(anonymous_1)","decl":{"start":{"line":9,"column":11},"end":{"line":9,"column":12}},"loc":{"start":{"line":9,"column":26},"end":{"line":12,"column":3}},"line":9},"2":{"name":"(anonymous_2)","decl":{"start":{"line":13,"column":14},"end":{"line":13,"column":15}},"loc":{"start":{"line":13,"column":40},"end":{"line":16,"column":3}},"line":13}},"branchMap":{},"s":{"0":2,"1":2,"2":2,"3":2,"4":0,"5":0,"6":2,"7":0,"8":0,"9":2,"10":2,"11":2},"f":{"0":2,"1":0,"2":0},"b":{},"_coverageSchema":"1a1c01bbd47fc00a2c39e90264f33305004495a9","hash":"3ffa325fc4760f18d12c418386ba0f63d0844410"}
,"C:\\Users\\YouCode\\Desktop\\SeriousProjects\\SprintSnap-\\Server\\src\\controllers\\user.controller.js": {"path":"C:\\Users\\YouCode\\Desktop\\SeriousProjects\\SprintSnap-\\Server\\src\\controllers\\user.controller.js","statementMap":{"0":{"start":{"line":1,"column":29},"end":{"line":1,"column":57}},"1":{"start":{"line":2,"column":20},"end":{"line":2,"column":51}},"2":{"start":{"line":3,"column":43},"end":{"line":3,"column":78}},"3":{"start":{"line":4,"column":33},"end":{"line":4,"column":63}},"4":{"start":{"line":5,"column":12},"end":{"line":5,"column":35}},"5":{"start":{"line":10,"column":4},"end":{"line":10,"column":31}},"6":{"start":{"line":12,"column":17},"end":{"line":71,"column":3}},"7":{"start":{"line":13,"column":19},"end":{"line":13,"column":40}},"8":{"start":{"line":14,"column":4},"end":{"line":16,"column":5}},"9":{"start":{"line":15,"column":6},"end":{"line":15,"column":70}},"10":{"start":{"line":18,"column":55},"end":{"line":18,"column":63}},"11":{"start":{"line":19,"column":4},"end":{"line":70,"column":5}},"12":{"start":{"line":20,"column":27},"end":{"line":20,"column":67}},"13":{"start":{"line":21,"column":6},"end":{"line":24,"column":61}},"14":{"start":{"line":22,"column":8},"end":{"line":24,"column":61}},"15":{"start":{"line":25,"column":19},"end":{"line":30,"column":7}},"16":{"start":{"line":31,"column":22},"end":{"line":35,"column":7}},"17":{"start":{"line":37,"column":27},"end":{"line":37,"column":53}},"18":{"start":{"line":38,"column":6},"end":{"line":38,"column":66}},"19":{"start":{"line":40,"column":20},"end":{"line":42,"column":8}},"20":{"start":{"line":44,"column":6},"end":{"line":48,"column":9}},"21":{"start":{"line":49,"column":6},"end":{"line":54,"column":9}},"22":{"start":{"line":55,"column":6},"end":{"line":55,"column":57}},"23":{"start":{"line":56,"column":6},"end":{"line":66,"column":9}},"24":{"start":{"line":68,"column":6},"end":{"line":68,"column":27}},"25":{"start":{"line":69,"column":6},"end":{"line":69,"column":63}},"26":{"start":{"line":72,"column":15},"end":{"line":79,"column":3}},"27":{"start":{"line":73,"column":19},"end":{"line":73,"column":70}},"28":{"start":{"line":74,"column":4},"end":{"line":77,"column":5}},"29":{"start":{"line":75,"column":6},"end":{"line":75,"column":29}},"30":{"start":{"line":76,"column":6},"end":{"line":76,"column":33}},"31":{"start":{"line":78,"column":4},"end":{"line":78,"column":50}},"32":{"start":{"line":82,"column":0},"end":{"line":82,"column":32}}},"fnMap":{"0":{"name":"(anonymous_0)","decl":{"start":{"line":9,"column":2},"end":{"line":9,"column":3}},"loc":{"start":{"line":9,"column":27},"end":{"line":11,"column":3}},"line":9},"1":{"name":"(anonymous_1)","decl":{"start":{"line":12,"column":17},"end":{"line":12,"column":18}},"loc":{"start":{"line":12,"column":37},"end":{"line":71,"column":3}},"line":12},"2":{"name":"(anonymous_2)","decl":{"start":{"line":72,"column":15},"end":{"line":72,"column":16}},"loc":{"start":{"line":72,"column":35},"end":{"line":79,"column":3}},"line":72}},"branchMap":{"0":{"loc":{"start":{"line":14,"column":4},"end":{"line":16,"column":5}},"type":"if","locations":[{"start":{"line":14,"column":4},"end":{"line":16,"column":5}},{"start":{},"end":{}}],"line":14},"1":{"loc":{"start":{"line":21,"column":6},"end":{"line":24,"column":61}},"type":"if","locations":[{"start":{"line":21,"column":6},"end":{"line":24,"column":61}},{"start":{},"end":{}}],"line":21},"2":{"loc":{"start":{"line":74,"column":4},"end":{"line":77,"column":5}},"type":"if","locations":[{"start":{"line":74,"column":4},"end":{"line":77,"column":5}},{"start":{},"end":{}}],"line":74}},"s":{"0":2,"1":2,"2":2,"3":2,"4":2,"5":2,"6":2,"7":1,"8":1,"9":0,"10":1,"11":1,"12":1,"13":1,"14":1,"15":0,"16":0,"17":0,"18":0,"19":0,"20":0,"21":0,"22":0,"23":0,"24":0,"25":0,"26":2,"27":0,"28":0,"29":0,"30":0,"31":0,"32":2},"f":{"0":2,"1":1,"2":0},"b":{"0":[0,1],"1":[1,0],"2":[0,0]},"_coverageSchema":"1a1c01bbd47fc00a2c39e90264f33305004495a9","hash":"79983cc00edf36baebf87b6234bfd34671af1e25"}
,"C:\\Users\\YouCode\\Desktop\\SeriousProjects\\SprintSnap-\\Server\\src\\middlewares\\index.js": {"path":"C:\\Users\\YouCode\\Desktop\\SeriousProjects\\SprintSnap-\\Server\\src\\middlewares\\index.js","statementMap":{"0":{"start":{"line":1,"column":29},"end":{"line":1,"column":57}},"1":{"start":{"line":2,"column":20},"end":{"line":2,"column":49}},"2":{"start":{"line":3,"column":25},"end":{"line":9,"column":1}},"3":{"start":{"line":4,"column":17},"end":{"line":4,"column":38}},"4":{"start":{"line":5,"column":2},"end":{"line":7,"column":3}},"5":{"start":{"line":6,"column":4},"end":{"line":6,"column":60}},"6":{"start":{"line":8,"column":2},"end":{"line":8,"column":9}},"7":{"start":{"line":11,"column":0},"end":{"line":14,"column":2}}},"fnMap":{"0":{"name":"(anonymous_0)","decl":{"start":{"line":3,"column":25},"end":{"line":3,"column":26}},"loc":{"start":{"line":3,"column":45},"end":{"line":9,"column":1}},"line":3}},"branchMap":{"0":{"loc":{"start":{"line":5,"column":2},"end":{"line":7,"column":3}},"type":"if","locations":[{"start":{"line":5,"column":2},"end":{"line":7,"column":3}},{"start":{},"end":{}}],"line":5}},"s":{"0":4,"1":4,"2":4,"3":10,"4":10,"5":5,"6":5,"7":4},"f":{"0":10},"b":{"0":[5,5]},"_coverageSchema":"1a1c01bbd47fc00a2c39e90264f33305004495a9","hash":"664310a07abaf4e22ddfad56d9c9d97c171f7521"}
,"C:\\Users\\YouCode\\Desktop\\SeriousProjects\\SprintSnap-\\Server\\src\\middlewares\\auth\\requireAuth.js": {"path":"C:\\Users\\YouCode\\Desktop\\SeriousProjects\\SprintSnap-\\Server\\src\\middlewares\\auth\\requireAuth.js","statementMap":{"0":{"start":{"line":1,"column":12},"end":{"line":1,"column":35}},"1":{"start":{"line":2,"column":13},"end":{"line":2,"column":47}},"2":{"start":{"line":4,"column":0},"end":{"line":48,"column":2}},"3":{"start":{"line":5,"column":22},"end":{"line":5,"column":45}},"4":{"start":{"line":6,"column":2},"end":{"line":8,"column":3}},"5":{"start":{"line":7,"column":4},"end":{"line":7,"column":58}},"6":{"start":{"line":9,"column":2},"end":{"line":47,"column":3}},"7":{"start":{"line":10,"column":20},"end":{"line":10,"column":67}},"8":{"start":{"line":11,"column":4},"end":{"line":11,"column":23}},"9":{"start":{"line":12,"column":4},"end":{"line":12,"column":18}},"10":{"start":{"line":14,"column":19},"end":{"line":14,"column":37}},"11":{"start":{"line":15,"column":4},"end":{"line":17,"column":5}},"12":{"start":{"line":16,"column":6},"end":{"line":16,"column":60}},"13":{"start":{"line":19,"column":4},"end":{"line":46,"column":5}},"14":{"start":{"line":20,"column":19},"end":{"line":20,"column":62}},"15":{"start":{"line":21,"column":6},"end":{"line":23,"column":7}},"16":{"start":{"line":22,"column":8},"end":{"line":22,"column":62}},"17":{"start":{"line":24,"column":34},"end":{"line":27,"column":7}},"18":{"start":{"line":28,"column":6},"end":{"line":28,"column":37}},"19":{"start":{"line":29,"column":29},"end":{"line":37,"column":7}},"20":{"start":{"line":38,"column":6},"end":{"line":42,"column":9}},"21":{"start":{"line":43,"column":6},"end":{"line":43,"column":20}},"22":{"start":{"line":45,"column":6},"end":{"line":45,"column":65}}},"fnMap":{"0":{"name":"(anonymous_0)","decl":{"start":{"line":4,"column":17},"end":{"line":4,"column":18}},"loc":{"start":{"line":4,"column":43},"end":{"line":48,"column":1}},"line":4}},"branchMap":{"0":{"loc":{"start":{"line":6,"column":2},"end":{"line":8,"column":3}},"type":"if","locations":[{"start":{"line":6,"column":2},"end":{"line":8,"column":3}},{"start":{},"end":{}}],"line":6},"1":{"loc":{"start":{"line":15,"column":4},"end":{"line":17,"column":5}},"type":"if","locations":[{"start":{"line":15,"column":4},"end":{"line":17,"column":5}},{"start":{},"end":{}}],"line":15},"2":{"loc":{"start":{"line":21,"column":6},"end":{"line":23,"column":7}},"type":"if","locations":[{"start":{"line":21,"column":6},"end":{"line":23,"column":7}},{"start":{},"end":{}}],"line":21},"3":{"loc":{"start":{"line":21,"column":10},"end":{"line":21,"column":37}},"type":"binary-expr","locations":[{"start":{"line":21,"column":10},"end":{"line":21,"column":15}},{"start":{"line":21,"column":19},"end":{"line":21,"column":37}}],"line":21}},"s":{"0":4,"1":4,"2":4,"3":5,"4":5,"5":2,"6":3,"7":3,"8":3,"9":3,"10":0,"11":0,"12":0,"13":0,"14":0,"15":0,"16":0,"17":0,"18":0,"19":0,"20":0,"21":0,"22":0},"f":{"0":5},"b":{"0":[2,3],"1":[0,0],"2":[0,0],"3":[0,0]},"_coverageSchema":"1a1c01bbd47fc00a2c39e90264f33305004495a9","hash":"555496021ca3dcb0e88d5b08f25d2da05af9fabf"}
,"C:\\Users\\YouCode\\Desktop\\SeriousProjects\\SprintSnap-\\Server\\src\\models\\invitation.model.js": {"path":"C:\\Users\\YouCode\\Desktop\\SeriousProjects\\SprintSnap-\\Server\\src\\models\\invitation.model.js","statementMap":{"0":{"start":{"line":1,"column":17},"end":{"line":1,"column":36}},"1":{"start":{"line":3,"column":25},"end":{"line":12,"column":2}},"2":{"start":{"line":14,"column":19},"end":{"line":14,"column":65}},"3":{"start":{"line":15,"column":0},"end":{"line":15,"column":28}}},"fnMap":{},"branchMap":{},"s":{"0":2,"1":2,"2":2,"3":2},"f":{},"b":{},"_coverageSchema":"1a1c01bbd47fc00a2c39e90264f33305004495a9","hash":"346d70df7150d400ac0969bf7ffd6a8eace99951"}
,"C:\\Users\\YouCode\\Desktop\\SeriousProjects\\SprintSnap-\\Server\\src\\models\\project.model.js": {"path":"C:\\Users\\YouCode\\Desktop\\SeriousProjects\\SprintSnap-\\Server\\src\\models\\project.model.js","statementMap":{"0":{"start":{"line":1,"column":17},"end":{"line":1,"column":36}},"1":{"start":{"line":3,"column":22},"end":{"line":33,"column":1}},"2":{"start":{"line":35,"column":16},"end":{"line":35,"column":56}},"3":{"start":{"line":36,"column":0},"end":{"line":36,"column":25}}},"fnMap":{},"branchMap":{},"s":{"0":2,"1":2,"2":2,"3":2},"f":{},"b":{},"_coverageSchema":"1a1c01bbd47fc00a2c39e90264f33305004495a9","hash":"b8db1949a2c447fdd30aeb4de8c3af4ca6fe696b"}
,"C:\\Users\\YouCode\\Desktop\\SeriousProjects\\SprintSnap-\\Server\\src\\models\\team.model.js": {"path":"C:\\Users\\YouCode\\Desktop\\SeriousProjects\\SprintSnap-\\Server\\src\\models\\team.model.js","statementMap":{"0":{"start":{"line":1,"column":17},"end":{"line":1,"column":36}},"1":{"start":{"line":3,"column":19},"end":{"line":5,"column":2}},"2":{"start":{"line":7,"column":13},"end":{"line":7,"column":47}},"3":{"start":{"line":8,"column":0},"end":{"line":8,"column":22}}},"fnMap":{},"branchMap":{},"s":{"0":2,"1":2,"2":2,"3":2},"f":{},"b":{},"_coverageSchema":"1a1c01bbd47fc00a2c39e90264f33305004495a9","hash":"2ca6c697a9745fb257c1a9a8f6c0451484273488"}
,"C:\\Users\\YouCode\\Desktop\\SeriousProjects\\SprintSnap-\\Server\\src\\models\\user.model.js": {"path":"C:\\Users\\YouCode\\Desktop\\SeriousProjects\\SprintSnap-\\Server\\src\\models\\user.model.js","statementMap":{"0":{"start":{"line":1,"column":17},"end":{"line":1,"column":36}},"1":{"start":{"line":2,"column":15},"end":{"line":2,"column":34}},"2":{"start":{"line":4,"column":19},"end":{"line":37,"column":2}},"3":{"start":{"line":39,"column":0},"end":{"line":46,"column":2}},"4":{"start":{"line":40,"column":15},"end":{"line":40,"column":19}},"5":{"start":{"line":41,"column":2},"end":{"line":41,"column":50}},"6":{"start":{"line":41,"column":36},"end":{"line":41,"column":50}},"7":{"start":{"line":43,"column":15},"end":{"line":43,"column":39}},"8":{"start":{"line":44,"column":2},"end":{"line":44,"column":57}},"9":{"start":{"line":45,"column":2},"end":{"line":45,"column":9}},"10":{"start":{"line":48,"column":0},"end":{"line":50,"column":3}},"11":{"start":{"line":49,"column":2},"end":{"line":49,"column":32}},"12":{"start":{"line":52,"column":13},"end":{"line":52,"column":47}},"13":{"start":{"line":53,"column":0},"end":{"line":53,"column":22}}},"fnMap":{"0":{"name":"(anonymous_0)","decl":{"start":{"line":39,"column":34},"end":{"line":39,"column":35}},"loc":{"start":{"line":39,"column":56},"end":{"line":46,"column":1}},"line":39},"1":{"name":"(anonymous_1)","decl":{"start":{"line":48,"column":23},"end":{"line":48,"column":24}},"loc":{"start":{"line":48,"column":45},"end":{"line":50,"column":1}},"line":48}},"branchMap":{"0":{"loc":{"start":{"line":41,"column":2},"end":{"line":41,"column":50}},"type":"if","locations":[{"start":{"line":41,"column":2},"end":{"line":41,"column":50}},{"start":{},"end":{}}],"line":41}},"s":{"0":4,"1":4,"2":4,"3":4,"4":0,"5":0,"6":0,"7":0,"8":0,"9":0,"10":4,"11":0,"12":4,"13":4},"f":{"0":0,"1":0},"b":{"0":[0,0]},"_coverageSchema":"1a1c01bbd47fc00a2c39e90264f33305004495a9","hash":"f955c92e9d8ab5c55d30013dffbbfa15b0936ef4"}
,"C:\\Users\\YouCode\\Desktop\\SeriousProjects\\SprintSnap-\\Server\\src\\policies\\project.policy.js": {"path":"C:\\Users\\YouCode\\Desktop\\SeriousProjects\\SprintSnap-\\Server\\src\\policies\\project.policy.js","statementMap":{"0":{"start":{"line":1,"column":16},"end":{"line":1,"column":50}},"1":{"start":{"line":2,"column":16},"end":{"line":14,"column":1}},"2":{"start":{"line":3,"column":2},"end":{"line":13,"column":3}},"3":{"start":{"line":4,"column":20},"end":{"line":4,"column":57}},"4":{"start":{"line":5,"column":4},"end":{"line":5,"column":85}},"5":{"start":{"line":5,"column":23},"end":{"line":5,"column":85}},"6":{"start":{"line":6,"column":4},"end":{"line":10,"column":5}},"7":{"start":{"line":7,"column":6},"end":{"line":7,"column":13}},"8":{"start":{"line":9,"column":6},"end":{"line":9,"column":76}},"9":{"start":{"line":12,"column":4},"end":{"line":12,"column":23}},"10":{"start":{"line":16,"column":0},"end":{"line":16,"column":29}}},"fnMap":{"0":{"name":"(anonymous_0)","decl":{"start":{"line":2,"column":16},"end":{"line":2,"column":17}},"loc":{"start":{"line":2,"column":42},"end":{"line":14,"column":1}},"line":2}},"branchMap":{"0":{"loc":{"start":{"line":5,"column":4},"end":{"line":5,"column":85}},"type":"if","locations":[{"start":{"line":5,"column":4},"end":{"line":5,"column":85}},{"start":{},"end":{}}],"line":5},"1":{"loc":{"start":{"line":6,"column":4},"end":{"line":10,"column":5}},"type":"if","locations":[{"start":{"line":6,"column":4},"end":{"line":10,"column":5}},{"start":{"line":8,"column":11},"end":{"line":10,"column":5}}],"line":6}},"s":{"0":2,"1":2,"2":0,"3":0,"4":0,"5":0,"6":0,"7":0,"8":0,"9":0,"10":2},"f":{"0":0},"b":{"0":[0,0],"1":[0,0]},"_coverageSchema":"1a1c01bbd47fc00a2c39e90264f33305004495a9","hash":"70f930d4d072e502626da88bef30c54e7f5d7886"}
,"C:\\Users\\YouCode\\Desktop\\SeriousProjects\\SprintSnap-\\Server\\src\\routes\\auth.router.js": {"path":"C:\\Users\\YouCode\\Desktop\\SeriousProjects\\SprintSnap-\\Server\\src\\routes\\auth.router.js","statementMap":{"0":{"start":{"line":1,"column":16},"end":{"line":1,"column":34}},"1":{"start":{"line":2,"column":23},"end":{"line":2,"column":64}},"2":{"start":{"line":3,"column":23},"end":{"line":3,"column":64}},"3":{"start":{"line":4,"column":20},"end":{"line":4,"column":55}},"4":{"start":{"line":5,"column":18},"end":{"line":5,"column":49}},"5":{"start":{"line":6,"column":48},"end":{"line":6,"column":72}},"6":{"start":{"line":7,"column":42},"end":{"line":7,"column":67}},"7":{"start":{"line":8,"column":15},"end":{"line":8,"column":31}},"8":{"start":{"line":10,"column":16},"end":{"line":10,"column":31}},"9":{"start":{"line":11,"column":18},"end":{"line":11,"column":55}},"10":{"start":{"line":12,"column":21},"end":{"line":12,"column":52}},"11":{"start":{"line":13,"column":21},"end":{"line":13,"column":52}},"12":{"start":{"line":15,"column":0},"end":{"line":20,"column":2}},"13":{"start":{"line":22,"column":0},"end":{"line":22,"column":79}},"14":{"start":{"line":23,"column":0},"end":{"line":23,"column":59}},"15":{"start":{"line":24,"column":0},"end":{"line":24,"column":61}},"16":{"start":{"line":25,"column":0},"end":{"line":25,"column":63}},"17":{"start":{"line":26,"column":0},"end":{"line":26,"column":57}},"18":{"start":{"line":27,"column":0},"end":{"line":31,"column":2}},"19":{"start":{"line":33,"column":0},"end":{"line":33,"column":24}}},"fnMap":{},"branchMap":{},"s":{"0":2,"1":2,"2":2,"3":2,"4":2,"5":2,"6":2,"7":2,"8":2,"9":2,"10":2,"11":2,"12":2,"13":2,"14":2,"15":2,"16":2,"17":2,"18":2,"19":2},"f":{},"b":{},"_coverageSchema":"1a1c01bbd47fc00a2c39e90264f33305004495a9","hash":"5716d7e2b57af8f0958aca5862a0551ab2fa2963"}
,"C:\\Users\\YouCode\\Desktop\\SeriousProjects\\SprintSnap-\\Server\\src\\routes\\project.router.js": {"path":"C:\\Users\\YouCode\\Desktop\\SeriousProjects\\SprintSnap-\\Server\\src\\routes\\project.router.js","statementMap":{"0":{"start":{"line":1,"column":16},"end":{"line":1,"column":34}},"1":{"start":{"line":2,"column":26},"end":{"line":2,"column":70}},"2":{"start":{"line":3,"column":23},"end":{"line":3,"column":61}},"3":{"start":{"line":4,"column":21},"end":{"line":4,"column":55}},"4":{"start":{"line":5,"column":30},"end":{"line":5,"column":54}},"5":{"start":{"line":6,"column":42},"end":{"line":6,"column":67}},"6":{"start":{"line":7,"column":24},"end":{"line":7,"column":61}},"7":{"start":{"line":8,"column":15},"end":{"line":8,"column":31}},"8":{"start":{"line":9,"column":21},"end":{"line":9,"column":53}},"9":{"start":{"line":10,"column":24},"end":{"line":10,"column":61}},"10":{"start":{"line":12,"column":0},"end":{"line":12,"column":55}},"11":{"start":{"line":13,"column":0},"end":{"line":19,"column":2}},"12":{"start":{"line":21,"column":0},"end":{"line":25,"column":2}},"13":{"start":{"line":26,"column":0},"end":{"line":33,"column":2}},"14":{"start":{"line":35,"column":0},"end":{"line":35,"column":24}}},"fnMap":{},"branchMap":{},"s":{"0":2,"1":2,"2":2,"3":2,"4":2,"5":2,"6":2,"7":2,"8":2,"9":2,"10":2,"11":2,"12":2,"13":2,"14":2},"f":{},"b":{},"_coverageSchema":"1a1c01bbd47fc00a2c39e90264f33305004495a9","hash":"b51044a891c04b56ed249c5bd9c76b7bc2976192"}
,"C:\\Users\\YouCode\\Desktop\\SeriousProjects\\SprintSnap-\\Server\\src\\services\\invitation.service.js": {"path":"C:\\Users\\YouCode\\Desktop\\SeriousProjects\\SprintSnap-\\Server\\src\\services\\invitation.service.js","statementMap":{"0":{"start":{"line":1,"column":31},"end":{"line":1,"column":72}},"1":{"start":{"line":6,"column":4},"end":{"line":6,"column":23}},"2":{"start":{"line":8,"column":11},"end":{"line":16,"column":3}},"3":{"start":{"line":9,"column":4},"end":{"line":15,"column":5}},"4":{"start":{"line":10,"column":28},"end":{"line":10,"column":53}},"5":{"start":{"line":11,"column":32},"end":{"line":11,"column":58}},"6":{"start":{"line":12,"column":6},"end":{"line":12,"column":31}},"7":{"start":{"line":14,"column":6},"end":{"line":14,"column":18}},"8":{"start":{"line":17,"column":18},"end":{"line":21,"column":3}},"9":{"start":{"line":18,"column":4},"end":{"line":20,"column":7}},"10":{"start":{"line":22,"column":12},"end":{"line":40,"column":3}},"11":{"start":{"line":23,"column":4},"end":{"line":39,"column":9}},"12":{"start":{"line":41,"column":12},"end":{"line":63,"column":3}},"13":{"start":{"line":42,"column":4},"end":{"line":62,"column":5}},"14":{"start":{"line":43,"column":25},"end":{"line":50,"column":8}},"15":{"start":{"line":51,"column":6},"end":{"line":53,"column":7}},"16":{"start":{"line":52,"column":8},"end":{"line":52,"column":48}},"17":{"start":{"line":54,"column":19},"end":{"line":57,"column":7}},"18":{"start":{"line":58,"column":6},"end":{"line":58,"column":45}},"19":{"start":{"line":59,"column":6},"end":{"line":59,"column":18}},"20":{"start":{"line":61,"column":6},"end":{"line":61,"column":18}},"21":{"start":{"line":64,"column":17},"end":{"line":66,"column":3}},"22":{"start":{"line":65,"column":4},"end":{"line":65,"column":46}},"23":{"start":{"line":69,"column":0},"end":{"line":69,"column":35}}},"fnMap":{"0":{"name":"(anonymous_0)","decl":{"start":{"line":5,"column":2},"end":{"line":5,"column":3}},"loc":{"start":{"line":5,"column":21},"end":{"line":7,"column":3}},"line":5},"1":{"name":"(anonymous_1)","decl":{"start":{"line":8,"column":11},"end":{"line":8,"column":12}},"loc":{"start":{"line":8,"column":32},"end":{"line":16,"column":3}},"line":8},"2":{"name":"(anonymous_2)","decl":{"start":{"line":17,"column":18},"end":{"line":17,"column":19}},"loc":{"start":{"line":17,"column":42},"end":{"line":21,"column":3}},"line":17},"3":{"name":"(anonymous_3)","decl":{"start":{"line":22,"column":12},"end":{"line":22,"column":13}},"loc":{"start":{"line":22,"column":26},"end":{"line":40,"column":3}},"line":22},"4":{"name":"(anonymous_4)","decl":{"start":{"line":41,"column":12},"end":{"line":41,"column":13}},"loc":{"start":{"line":41,"column":26},"end":{"line":63,"column":3}},"line":41},"5":{"name":"(anonymous_5)","decl":{"start":{"line":64,"column":17},"end":{"line":64,"column":18}},"loc":{"start":{"line":64,"column":36},"end":{"line":66,"column":3}},"line":64}},"branchMap":{"0":{"loc":{"start":{"line":51,"column":6},"end":{"line":53,"column":7}},"type":"if","locations":[{"start":{"line":51,"column":6},"end":{"line":53,"column":7}},{"start":{},"end":{}}],"line":51}},"s":{"0":2,"1":0,"2":0,"3":0,"4":0,"5":0,"6":0,"7":0,"8":0,"9":0,"10":0,"11":0,"12":0,"13":0,"14":0,"15":0,"16":0,"17":0,"18":0,"19":0,"20":0,"21":0,"22":0,"23":2},"f":{"0":0,"1":0,"2":0,"3":0,"4":0,"5":0},"b":{"0":[0,0]},"_coverageSchema":"1a1c01bbd47fc00a2c39e90264f33305004495a9","hash":"0d2c57d203682a6fe886d86df13863654619214d"}
,"C:\\Users\\YouCode\\Desktop\\SeriousProjects\\SprintSnap-\\Server\\src\\services\\project.service.js": {"path":"C:\\Users\\YouCode\\Desktop\\SeriousProjects\\SprintSnap-\\Server\\src\\services\\project.service.js","statementMap":{"0":{"start":{"line":1,"column":13},"end":{"line":1,"column":44}},"1":{"start":{"line":6,"column":4},"end":{"line":6,"column":30}},"2":{"start":{"line":8,"column":10},"end":{"line":8,"column":37}},"3":{"start":{"line":9,"column":11},"end":{"line":36,"column":3}},"4":{"start":{"line":10,"column":4},"end":{"line":35,"column":5}},"5":{"start":{"line":11,"column":20},"end":{"line":11,"column":64}},"6":{"start":{"line":12,"column":22},"end":{"line":12,"column":51}},"7":{"start":{"line":12,"column":42},"end":{"line":12,"column":50}},"8":{"start":{"line":14,"column":23},"end":{"line":29,"column":10}},"9":{"start":{"line":31,"column":6},"end":{"line":31,"column":22}},"10":{"start":{"line":33,"column":6},"end":{"line":33,"column":25}},"11":{"start":{"line":34,"column":6},"end":{"line":34,"column":18}},"12":{"start":{"line":37,"column":11},"end":{"line":66,"column":3}},"13":{"start":{"line":38,"column":4},"end":{"line":65,"column":5}},"14":{"start":{"line":39,"column":23},"end":{"line":59,"column":10}},"15":{"start":{"line":61,"column":6},"end":{"line":61,"column":22}},"16":{"start":{"line":63,"column":6},"end":{"line":63,"column":25}},"17":{"start":{"line":64,"column":6},"end":{"line":64,"column":18}},"18":{"start":{"line":67,"column":11},"end":{"line":83,"column":3}},"19":{"start":{"line":68,"column":4},"end":{"line":82,"column":5}},"20":{"start":{"line":69,"column":25},"end":{"line":69,"column":54}},"21":{"start":{"line":70,"column":22},"end":{"line":78,"column":8}},"22":{"start":{"line":79,"column":6},"end":{"line":79,"column":21}},"23":{"start":{"line":81,"column":6},"end":{"line":81,"column":25}},"24":{"start":{"line":84,"column":11},"end":{"line":93,"column":3}},"25":{"start":{"line":85,"column":4},"end":{"line":92,"column":5}},"26":{"start":{"line":86,"column":20},"end":{"line":88,"column":8}},"27":{"start":{"line":89,"column":6},"end":{"line":89,"column":44}},"28":{"start":{"line":91,"column":6},"end":{"line":91,"column":25}},"29":{"start":{"line":96,"column":0},"end":{"line":96,"column":32}}},"fnMap":{"0":{"name":"(anonymous_0)","decl":{"start":{"line":5,"column":2},"end":{"line":5,"column":3}},"loc":{"start":{"line":5,"column":28},"end":{"line":7,"column":3}},"line":5},"1":{"name":"(anonymous_1)","decl":{"start":{"line":8,"column":10},"end":{"line":8,"column":11}},"loc":{"start":{"line":8,"column":35},"end":{"line":8,"column":37}},"line":8},"2":{"name":"(anonymous_2)","decl":{"start":{"line":9,"column":11},"end":{"line":9,"column":12}},"loc":{"start":{"line":9,"column":30},"end":{"line":36,"column":3}},"line":9},"3":{"name":"(anonymous_3)","decl":{"start":{"line":12,"column":32},"end":{"line":12,"column":33}},"loc":{"start":{"line":12,"column":42},"end":{"line":12,"column":50}},"line":12},"4":{"name":"(anonymous_4)","decl":{"start":{"line":37,"column":11},"end":{"line":37,"column":12}},"loc":{"start":{"line":37,"column":26},"end":{"line":66,"column":3}},"line":37},"5":{"name":"(anonymous_5)","decl":{"start":{"line":67,"column":11},"end":{"line":67,"column":12}},"loc":{"start":{"line":67,"column":27},"end":{"line":83,"column":3}},"line":67},"6":{"name":"(anonymous_6)","decl":{"start":{"line":84,"column":11},"end":{"line":84,"column":12}},"loc":{"start":{"line":84,"column":27},"end":{"line":93,"column":3}},"line":84}},"branchMap":{},"s":{"0":2,"1":4,"2":4,"3":4,"4":0,"5":0,"6":0,"7":0,"8":0,"9":0,"10":0,"11":0,"12":4,"13":0,"14":0,"15":0,"16":0,"17":0,"18":4,"19":1,"20":1,"21":0,"22":0,"23":1,"24":4,"25":0,"26":0,"27":0,"28":0,"29":2},"f":{"0":4,"1":0,"2":0,"3":0,"4":0,"5":1,"6":0},"b":{},"_coverageSchema":"1a1c01bbd47fc00a2c39e90264f33305004495a9","hash":"3349c8b6c7b0e9c74d954585c9d65f8b48ae0d16"}
,"C:\\Users\\YouCode\\Desktop\\SeriousProjects\\SprintSnap-\\Server\\src\\services\\team.service.js": {"path":"C:\\Users\\YouCode\\Desktop\\SeriousProjects\\SprintSnap-\\Server\\src\\services\\team.service.js","statementMap":{"0":{"start":{"line":4,"column":4},"end":{"line":4,"column":23}},"1":{"start":{"line":6,"column":11},"end":{"line":18,"column":3}},"2":{"start":{"line":7,"column":4},"end":{"line":17,"column":5}},"3":{"start":{"line":8,"column":22},"end":{"line":10,"column":8}},"4":{"start":{"line":12,"column":26},"end":{"line":12,"column":46}},"5":{"start":{"line":14,"column":6},"end":{"line":14,"column":25}},"6":{"start":{"line":16,"column":6},"end":{"line":16,"column":18}},"7":{"start":{"line":19,"column":14},"end":{"line":31,"column":3}},"8":{"start":{"line":20,"column":4},"end":{"line":30,"column":5}},"9":{"start":{"line":21,"column":19},"end":{"line":21,"column":52}},"10":{"start":{"line":22,"column":6},"end":{"line":24,"column":7}},"11":{"start":{"line":23,"column":8},"end":{"line":23,"column":42}},"12":{"start":{"line":25,"column":6},"end":{"line":25,"column":37}},"13":{"start":{"line":26,"column":6},"end":{"line":26,"column":24}},"14":{"start":{"line":27,"column":6},"end":{"line":27,"column":18}},"15":{"start":{"line":29,"column":6},"end":{"line":29,"column":18}},"16":{"start":{"line":34,"column":0},"end":{"line":34,"column":29}}},"fnMap":{"0":{"name":"(anonymous_0)","decl":{"start":{"line":3,"column":2},"end":{"line":3,"column":3}},"loc":{"start":{"line":3,"column":21},"end":{"line":5,"column":3}},"line":3},"1":{"name":"(anonymous_1)","decl":{"start":{"line":6,"column":11},"end":{"line":6,"column":12}},"loc":{"start":{"line":6,"column":35},"end":{"line":18,"column":3}},"line":6},"2":{"name":"(anonymous_2)","decl":{"start":{"line":19,"column":14},"end":{"line":19,"column":15}},"loc":{"start":{"line":19,"column":45},"end":{"line":31,"column":3}},"line":19}},"branchMap":{"0":{"loc":{"start":{"line":22,"column":6},"end":{"line":24,"column":7}},"type":"if","locations":[{"start":{"line":22,"column":6},"end":{"line":24,"column":7}},{"start":{},"end":{}}],"line":22}},"s":{"0":2,"1":2,"2":0,"3":0,"4":0,"5":0,"6":0,"7":2,"8":0,"9":0,"10":0,"11":0,"12":0,"13":0,"14":0,"15":0,"16":2},"f":{"0":2,"1":0,"2":0},"b":{"0":[0,0]},"_coverageSchema":"1a1c01bbd47fc00a2c39e90264f33305004495a9","hash":"2daf98dd3b4a0d96629e9a633cee4da5321dd537"}
,"C:\\Users\\YouCode\\Desktop\\SeriousProjects\\SprintSnap-\\Server\\src\\services\\user.service.js": {"path":"C:\\Users\\YouCode\\Desktop\\SeriousProjects\\SprintSnap-\\Server\\src\\services\\user.service.js","statementMap":{"0":{"start":{"line":5,"column":4},"end":{"line":5,"column":26}},"1":{"start":{"line":6,"column":4},"end":{"line":6,"column":23}},"2":{"start":{"line":8,"column":17},"end":{"line":22,"column":3}},"3":{"start":{"line":9,"column":4},"end":{"line":21,"column":5}},"4":{"start":{"line":10,"column":19},"end":{"line":15,"column":8}},"5":{"start":{"line":16,"column":6},"end":{"line":16,"column":24}},"6":{"start":{"line":18,"column":6},"end":{"line":18,"column":18}},"7":{"start":{"line":20,"column":6},"end":{"line":20,"column":18}},"8":{"start":{"line":23,"column":19},"end":{"line":32,"column":3}},"9":{"start":{"line":24,"column":4},"end":{"line":31,"column":5}},"10":{"start":{"line":25,"column":19},"end":{"line":27,"column":8}},"11":{"start":{"line":28,"column":6},"end":{"line":28,"column":18}},"12":{"start":{"line":30,"column":6},"end":{"line":30,"column":18}},"13":{"start":{"line":33,"column":21},"end":{"line":43,"column":3}},"14":{"start":{"line":34,"column":4},"end":{"line":42,"column":5}},"15":{"start":{"line":35,"column":6},"end":{"line":38,"column":8}},"16":{"start":{"line":39,"column":6},"end":{"line":39,"column":18}},"17":{"start":{"line":41,"column":6},"end":{"line":41,"column":53}},"18":{"start":{"line":44,"column":16},"end":{"line":51,"column":3}},"19":{"start":{"line":45,"column":4},"end":{"line":50,"column":5}},"20":{"start":{"line":46,"column":6},"end":{"line":46,"column":74}},"21":{"start":{"line":47,"column":6},"end":{"line":47,"column":18}},"22":{"start":{"line":49,"column":6},"end":{"line":49,"column":68}},"23":{"start":{"line":52,"column":19},"end":{"line":61,"column":3}},"24":{"start":{"line":53,"column":4},"end":{"line":60,"column":5}},"25":{"start":{"line":54,"column":17},"end":{"line":54,"column":49}},"26":{"start":{"line":55,"column":6},"end":{"line":55,"column":31}},"27":{"start":{"line":56,"column":6},"end":{"line":56,"column":24}},"28":{"start":{"line":58,"column":6},"end":{"line":58,"column":25}},"29":{"start":{"line":59,"column":6},"end":{"line":59,"column":69}},"30":{"start":{"line":64,"column":0},"end":{"line":64,"column":29}}},"fnMap":{"0":{"name":"(anonymous_0)","decl":{"start":{"line":4,"column":2},"end":{"line":4,"column":3}},"loc":{"start":{"line":4,"column":32},"end":{"line":7,"column":3}},"line":4},"1":{"name":"(anonymous_1)","decl":{"start":{"line":8,"column":17},"end":{"line":8,"column":18}},"loc":{"start":{"line":8,"column":67},"end":{"line":22,"column":3}},"line":8},"2":{"name":"(anonymous_2)","decl":{"start":{"line":23,"column":19},"end":{"line":23,"column":20}},"loc":{"start":{"line":23,"column":36},"end":{"line":32,"column":3}},"line":23},"3":{"name":"(anonymous_3)","decl":{"start":{"line":33,"column":21},"end":{"line":33,"column":22}},"loc":{"start":{"line":33,"column":53},"end":{"line":43,"column":3}},"line":33},"4":{"name":"(anonymous_4)","decl":{"start":{"line":44,"column":16},"end":{"line":44,"column":17}},"loc":{"start":{"line":44,"column":33},"end":{"line":51,"column":3}},"line":44},"5":{"name":"(anonymous_5)","decl":{"start":{"line":52,"column":19},"end":{"line":52,"column":20}},"loc":{"start":{"line":52,"column":46},"end":{"line":61,"column":3}},"line":52}},"branchMap":{},"s":{"0":2,"1":2,"2":2,"3":0,"4":0,"5":0,"6":0,"7":0,"8":2,"9":4,"10":4,"11":4,"12":0,"13":2,"14":1,"15":1,"16":1,"17":0,"18":2,"19":0,"20":0,"21":0,"22":0,"23":2,"24":0,"25":0,"26":0,"27":0,"28":0,"29":0,"30":2},"f":{"0":2,"1":0,"2":4,"3":1,"4":0,"5":0},"b":{},"_coverageSchema":"1a1c01bbd47fc00a2c39e90264f33305004495a9","hash":"45a2e07c5ad96ce8873e46b2c15f8551da598399"}
,"C:\\Users\\YouCode\\Desktop\\SeriousProjects\\SprintSnap-\\Server\\src\\utils\\emailGenerators.js": {"path":"C:\\Users\\YouCode\\Desktop\\SeriousProjects\\SprintSnap-\\Server\\src\\utils\\emailGenerators.js","statementMap":{"0":{"start":{"line":1,"column":12},"end":{"line":1,"column":35}},"1":{"start":{"line":2,"column":0},"end":{"line":2,"column":26}},"2":{"start":{"line":3,"column":24},"end":{"line":3,"column":55}},"3":{"start":{"line":5,"column":39},"end":{"line":23,"column":1}},"4":{"start":{"line":6,"column":18},"end":{"line":8,"column":3}},"5":{"start":{"line":9,"column":16},"end":{"line":11,"column":4}},"6":{"start":{"line":12,"column":18},"end":{"line":20,"column":3}},"7":{"start":{"line":22,"column":2},"end":{"line":22,"column":17}},"8":{"start":{"line":25,"column":37},"end":{"line":43,"column":1}},"9":{"start":{"line":26,"column":18},"end":{"line":28,"column":3}},"10":{"start":{"line":29,"column":16},"end":{"line":31,"column":4}},"11":{"start":{"line":32,"column":18},"end":{"line":40,"column":3}},"12":{"start":{"line":42,"column":2},"end":{"line":42,"column":17}},"13":{"start":{"line":44,"column":32},"end":{"line":56,"column":1}},"14":{"start":{"line":45,"column":18},"end":{"line":54,"column":3}},"15":{"start":{"line":55,"column":2},"end":{"line":55,"column":17}},"16":{"start":{"line":57,"column":0},"end":{"line":61,"column":2}}},"fnMap":{"0":{"name":"(anonymous_0)","decl":{"start":{"line":5,"column":39},"end":{"line":5,"column":40}},"loc":{"start":{"line":5,"column":50},"end":{"line":23,"column":1}},"line":5},"1":{"name":"(anonymous_1)","decl":{"start":{"line":25,"column":37},"end":{"line":25,"column":38}},"loc":{"start":{"line":25,"column":48},"end":{"line":43,"column":1}},"line":25},"2":{"name":"(anonymous_2)","decl":{"start":{"line":44,"column":32},"end":{"line":44,"column":33}},"loc":{"start":{"line":44,"column":60},"end":{"line":56,"column":1}},"line":44}},"branchMap":{},"s":{"0":2,"1":2,"2":2,"3":2,"4":0,"5":0,"6":0,"7":0,"8":2,"9":0,"10":0,"11":0,"12":0,"13":2,"14":0,"15":0,"16":2},"f":{"0":0,"1":0,"2":0},"b":{},"_coverageSchema":"1a1c01bbd47fc00a2c39e90264f33305004495a9","hash":"6920c129135d97859f57dab3cb54063092498259"}
,"C:\\Users\\YouCode\\Desktop\\SeriousProjects\\SprintSnap-\\Server\\src\\utils\\emailSender.js": {"path":"C:\\Users\\YouCode\\Desktop\\SeriousProjects\\SprintSnap-\\Server\\src\\utils\\emailSender.js","statementMap":{"0":{"start":{"line":1,"column":20},"end":{"line":1,"column":55}},"1":{"start":{"line":2,"column":0},"end":{"line":9,"column":1}},"2":{"start":{"line":4,"column":2},"end":{"line":8,"column":5}},"3":{"start":{"line":5,"column":4},"end":{"line":7,"column":5}},"4":{"start":{"line":6,"column":6},"end":{"line":6,"column":25}}},"fnMap":{"0":{"name":"(anonymous_0)","decl":{"start":{"line":2,"column":17},"end":{"line":2,"column":18}},"loc":{"start":{"line":2,"column":43},"end":{"line":9,"column":1}},"line":2},"1":{"name":"(anonymous_1)","decl":{"start":{"line":4,"column":39},"end":{"line":4,"column":40}},"loc":{"start":{"line":4,"column":56},"end":{"line":8,"column":3}},"line":4}},"branchMap":{"0":{"loc":{"start":{"line":5,"column":4},"end":{"line":7,"column":5}},"type":"if","locations":[{"start":{"line":5,"column":4},"end":{"line":7,"column":5}},{"start":{},"end":{}}],"line":5}},"s":{"0":2,"1":2,"2":0,"3":0,"4":0},"f":{"0":0,"1":0},"b":{"0":[0,0]},"_coverageSchema":"1a1c01bbd47fc00a2c39e90264f33305004495a9","hash":"985fe6b59463c69b603adbd8bfd7b31993abe7b0"}
,"C:\\Users\\YouCode\\Desktop\\SeriousProjects\\SprintSnap-\\Server\\src\\utils\\messageUiGenerator.js": {"path":"C:\\Users\\YouCode\\Desktop\\SeriousProjects\\SprintSnap-\\Server\\src\\utils\\messageUiGenerator.js","statementMap":{"0":{"start":{"line":1,"column":24},"end":{"line":42,"column":1}},"1":{"start":{"line":2,"column":22},"end":{"line":2,"column":24}},"2":{"start":{"line":4,"column":2},"end":{"line":24,"column":3}},"3":{"start":{"line":6,"column":6},"end":{"line":9,"column":26}},"4":{"start":{"line":10,"column":6},"end":{"line":10,"column":42}},"5":{"start":{"line":11,"column":6},"end":{"line":11,"column":12}},"6":{"start":{"line":13,"column":6},"end":{"line":15,"column":166}},"7":{"start":{"line":16,"column":6},"end":{"line":16,"column":44}},"8":{"start":{"line":17,"column":6},"end":{"line":17,"column":12}},"9":{"start":{"line":19,"column":6},"end":{"line":19,"column":343}},"10":{"start":{"line":20,"column":6},"end":{"line":20,"column":42}},"11":{"start":{"line":21,"column":6},"end":{"line":21,"column":12}},"12":{"start":{"line":23,"column":6},"end":{"line":23,"column":12}},"13":{"start":{"line":26,"column":20},"end":{"line":40,"column":5}},"14":{"start":{"line":41,"column":2},"end":{"line":41,"column":21}},"15":{"start":{"line":44,"column":0},"end":{"line":44,"column":33}}},"fnMap":{"0":{"name":"(anonymous_0)","decl":{"start":{"line":1,"column":24},"end":{"line":1,"column":25}},"loc":{"start":{"line":1,"column":57},"end":{"line":42,"column":1}},"line":1}},"branchMap":{"0":{"loc":{"start":{"line":1,"column":39},"end":{"line":1,"column":52}},"type":"default-arg","locations":[{"start":{"line":1,"column":48},"end":{"line":1,"column":52}}],"line":1},"1":{"loc":{"start":{"line":4,"column":2},"end":{"line":24,"column":3}},"type":"switch","locations":[{"start":{"line":5,"column":4},"end":{"line":11,"column":12}},{"start":{"line":12,"column":4},"end":{"line":17,"column":12}},{"start":{"line":18,"column":4},"end":{"line":21,"column":12}},{"start":{"line":22,"column":4},"end":{"line":23,"column":12}}],"line":4}},"s":{"0":2,"1":0,"2":0,"3":0,"4":0,"5":0,"6":0,"7":0,"8":0,"9":0,"10":0,"11":0,"12":0,"13":0,"14":0,"15":2},"f":{"0":0},"b":{"0":[0],"1":[0,0,0,0]},"_coverageSchema":"1a1c01bbd47fc00a2c39e90264f33305004495a9","hash":"8c7e9f778bb9223999bcb0da2ecdf8c6183ef9c4"}
,"C:\\Users\\YouCode\\Desktop\\SeriousProjects\\SprintSnap-\\Server\\src\\utils\\generators\\index.js": {"path":"C:\\Users\\YouCode\\Desktop\\SeriousProjects\\SprintSnap-\\Server\\src\\utils\\generators\\index.js","statementMap":{"0":{"start":{"line":1,"column":0},"end":{"line":1,"column":27}},"1":{"start":{"line":2,"column":12},"end":{"line":2,"column":35}},"2":{"start":{"line":3,"column":29},"end":{"line":10,"column":1}},"3":{"start":{"line":4,"column":23},"end":{"line":8,"column":3}},"4":{"start":{"line":9,"column":2},"end":{"line":9,"column":22}},"5":{"start":{"line":12,"column":0},"end":{"line":14,"column":2}}},"fnMap":{"0":{"name":"(anonymous_0)","decl":{"start":{"line":3,"column":29},"end":{"line":3,"column":30}},"loc":{"start":{"line":3,"column":39},"end":{"line":10,"column":1}},"line":3}},"branchMap":{},"s":{"0":2,"1":2,"2":2,"3":1,"4":1,"5":2},"f":{"0":1},"b":{},"_coverageSchema":"1a1c01bbd47fc00a2c39e90264f33305004495a9","hash":"8ea7df4d30688d1e4373e05b6727316de16fd9f5"}
,"C:\\Users\\YouCode\\Desktop\\SeriousProjects\\SprintSnap-\\Server\\src\\validators\\index.js": {"path":"C:\\Users\\YouCode\\Desktop\\SeriousProjects\\SprintSnap-\\Server\\src\\validators\\index.js","statementMap":{"0":{"start":{"line":1,"column":27},"end":{"line":1,"column":59}},"1":{"start":{"line":2,"column":24},"end":{"line":2,"column":53}},"2":{"start":{"line":3,"column":26},"end":{"line":3,"column":57}},"3":{"start":{"line":5,"column":0},"end":{"line":9,"column":1}}},"fnMap":{},"branchMap":{},"s":{"0":4,"1":4,"2":4,"3":4},"f":{},"b":{},"_coverageSchema":"1a1c01bbd47fc00a2c39e90264f33305004495a9","hash":"c626979f4f1537e3502f5ce2812b34db4d693504"}
,"C:\\Users\\YouCode\\Desktop\\SeriousProjects\\SprintSnap-\\Server\\src\\validators\\login.validation.js": {"path":"C:\\Users\\YouCode\\Desktop\\SeriousProjects\\SprintSnap-\\Server\\src\\validators\\login.validation.js","statementMap":{"0":{"start":{"line":1,"column":17},"end":{"line":1,"column":45}},"1":{"start":{"line":3,"column":0},"end":{"line":6,"column":2}}},"fnMap":{},"branchMap":{},"s":{"0":4,"1":4},"f":{},"b":{},"_coverageSchema":"1a1c01bbd47fc00a2c39e90264f33305004495a9","hash":"947080d1488257eb110e7ca03a56b185964facf7"}
,"C:\\Users\\YouCode\\Desktop\\SeriousProjects\\SprintSnap-\\Server\\src\\validators\\project.validation.js": {"path":"C:\\Users\\YouCode\\Desktop\\SeriousProjects\\SprintSnap-\\Server\\src\\validators\\project.validation.js","statementMap":{"0":{"start":{"line":1,"column":17},"end":{"line":1,"column":45}},"1":{"start":{"line":3,"column":0},"end":{"line":17,"column":2}}},"fnMap":{},"branchMap":{},"s":{"0":4,"1":4},"f":{},"b":{},"_coverageSchema":"1a1c01bbd47fc00a2c39e90264f33305004495a9","hash":"9cf1a3096b57226f4fcee9fe3bb1363e28a83d0f"}
,"C:\\Users\\YouCode\\Desktop\\SeriousProjects\\SprintSnap-\\Server\\src\\validators\\register.validation.js": {"path":"C:\\Users\\YouCode\\Desktop\\SeriousProjects\\SprintSnap-\\Server\\src\\validators\\register.validation.js","statementMap":{"0":{"start":{"line":1,"column":17},"end":{"line":1,"column":45}},"1":{"start":{"line":3,"column":0},"end":{"line":16,"column":2}},"2":{"start":{"line":9,"column":4},"end":{"line":11,"column":5}},"3":{"start":{"line":10,"column":6},"end":{"line":10,"column":71}},"4":{"start":{"line":12,"column":4},"end":{"line":12,"column":16}}},"fnMap":{"0":{"name":"(anonymous_0)","decl":{"start":{"line":8,"column":39},"end":{"line":8,"column":40}},"loc":{"start":{"line":8,"column":59},"end":{"line":13,"column":3}},"line":8}},"branchMap":{"0":{"loc":{"start":{"line":9,"column":4},"end":{"line":11,"column":5}},"type":"if","locations":[{"start":{"line":9,"column":4},"end":{"line":11,"column":5}},{"start":{},"end":{}}],"line":9}},"s":{"0":4,"1":4,"2":3,"3":1,"4":2},"f":{"0":3},"b":{"0":[1,2]},"_coverageSchema":"1a1c01bbd47fc00a2c39e90264f33305004495a9","hash":"8f7e2edd6685bf7a18e7ae118410637598a5de88"}
}
