TN:
SF:src\config\mailing.config.js
FNF:0
FNH:0
DA:1,2
DA:2,2
DA:4,2
DA:14,2
LF:4
LH:4
BRF:0
BRH:0
end_of_record
TN:
SF:src\controllers\auth.controller.js
FN:12,(anonymous_0)
FN:15,(anonymous_1)
FN:18,(anonymous_2)
FN:74,(anonymous_3)
FN:80,(anonymous_4)
FN:100,(anonymous_5)
FN:114,(anonymous_6)
FN:131,(anonymous_7)
FNF:8
FNH:2
FNDA:0,(anonymous_0)
FNDA:2,(anonymous_1)
FNDA:3,(anonymous_2)
FNDA:0,(anonymous_3)
FNDA:0,(anonymous_4)
FNDA:0,(anonymous_5)
FNDA:0,(anonymous_6)
FNDA:0,(anonymous_7)
DA:1,2
DA:2,2
DA:3,2
DA:7,2
DA:8,2
DA:9,2
DA:10,2
DA:12,2
DA:16,2
DA:18,2
DA:19,3
DA:20,3
DA:21,0
DA:24,3
DA:25,3
DA:26,3
DA:27,3
DA:28,1
DA:29,2
DA:34,2
DA:35,1
DA:37,1
DA:43,1
DA:44,1
DA:46,1
DA:50,1
DA:55,1
DA:61,1
DA:71,0
DA:74,2
DA:75,0
DA:76,0
DA:77,0
DA:80,2
DA:81,0
DA:82,0
DA:83,0
DA:86,0
DA:87,0
DA:88,0
DA:89,0
DA:90,0
DA:92,0
DA:94,0
DA:96,0
DA:97,0
DA:100,2
DA:101,0
DA:102,0
DA:103,0
DA:104,0
DA:105,0
DA:106,0
DA:108,0
DA:110,0
DA:114,2
DA:115,0
DA:116,0
DA:117,0
DA:118,0
DA:119,0
DA:123,0
DA:124,0
DA:128,0
DA:131,2
DA:132,0
DA:133,0
DA:134,0
DA:135,0
DA:136,0
DA:140,0
DA:145,2
LF:72
LH:33
BRDA:20,0,0,0
BRDA:20,0,1,3
BRDA:27,1,0,1
BRDA:27,1,1,2
BRDA:34,2,0,1
BRDA:34,2,1,1
BRDA:82,3,0,0
BRDA:82,3,1,0
BRDA:89,4,0,0
BRDA:89,4,1,0
BRDA:103,5,0,0
BRDA:103,5,1,0
BRDA:118,6,0,0
BRDA:118,6,1,0
BRF:14
BRH:5
end_of_record
TN:
SF:src\controllers\user.controller.js
FN:9,(anonymous_0)
FN:12,(anonymous_1)
FN:72,(anonymous_2)
FNF:3
FNH:2
FNDA:2,(anonymous_0)
FNDA:1,(anonymous_1)
FNDA:0,(anonymous_2)
DA:1,2
DA:2,2
DA:3,2
DA:4,2
DA:5,2
DA:10,2
DA:12,2
DA:13,1
DA:14,1
DA:15,0
DA:18,1
DA:19,1
DA:20,1
DA:21,1
DA:22,1
DA:25,0
DA:31,0
DA:37,0
DA:38,0
DA:40,0
DA:44,0
DA:49,0
DA:55,0
DA:56,0
DA:68,0
DA:69,0
DA:72,2
DA:73,0
DA:74,0
DA:75,0
DA:76,0
DA:78,0
DA:82,2
LF:33
LH:16
BRDA:14,0,0,0
BRDA:14,0,1,1
BRDA:21,1,0,1
BRDA:21,1,1,0
BRDA:74,2,0,0
BRDA:74,2,1,0
BRF:6
BRH:2
end_of_record
TN:
SF:src\middlewares\index.js
FN:3,(anonymous_0)
FNF:1
FNH:1
FNDA:7,(anonymous_0)
DA:1,2
DA:2,2
DA:3,2
DA:4,7
DA:5,7
DA:6,3
DA:8,4
DA:10,2
LF:8
LH:8
BRDA:5,0,0,3
BRDA:5,0,1,4
BRF:2
BRH:2
end_of_record
TN:
SF:src\middlewares\auth\requireAuth.js
FN:4,(anonymous_0)
FNF:1
FNH:0
FNDA:0,(anonymous_0)
DA:1,2
DA:2,2
DA:4,2
DA:5,0
DA:6,0
DA:7,0
DA:10,0
DA:11,0
DA:13,0
DA:15,0
DA:17,0
DA:18,0
DA:19,0
DA:22,0
DA:23,0
DA:24,0
DA:25,0
DA:27,0
DA:31,0
DA:32,0
DA:41,0
DA:46,0
DA:48,0
DA:49,0
LF:24
LH:3
BRDA:6,0,0,0
BRDA:6,0,1,0
BRDA:18,1,0,0
BRDA:18,1,1,0
BRDA:24,2,0,0
BRDA:24,2,1,0
BRDA:24,3,0,0
BRDA:24,3,1,0
BRF:8
BRH:0
end_of_record
TN:
SF:src\models\user.model.js
FN:39,(anonymous_0)
FN:48,(anonymous_1)
FNF:2
FNH:0
FNDA:0,(anonymous_0)
FNDA:0,(anonymous_1)
DA:1,2
DA:2,2
DA:4,2
DA:39,2
DA:40,0
DA:41,0
DA:43,0
DA:44,0
DA:45,0
DA:48,2
DA:49,0
DA:52,2
DA:53,2
LF:13
LH:7
BRDA:41,0,0,0
BRDA:41,0,1,0
BRF:2
BRH:0
end_of_record
TN:
SF:src\routes\auth.router.js
FNF:0
FNH:0
DA:1,2
DA:2,2
DA:3,2
DA:4,2
DA:5,2
DA:6,2
DA:7,2
DA:8,2
DA:10,2
DA:11,2
DA:12,2
DA:13,2
DA:15,2
DA:22,2
DA:23,2
DA:24,2
DA:25,2
DA:26,2
DA:27,2
DA:33,2
LF:20
LH:20
BRF:0
BRH:0
end_of_record
TN:
SF:src\services\user.service.js
FN:4,(anonymous_0)
FN:8,(anonymous_1)
FN:23,(anonymous_2)
FN:33,(anonymous_3)
FN:44,(anonymous_4)
FN:52,(anonymous_5)
FNF:6
FNH:3
FNDA:2,(anonymous_0)
FNDA:0,(anonymous_1)
FNDA:4,(anonymous_2)
FNDA:1,(anonymous_3)
FNDA:0,(anonymous_4)
FNDA:0,(anonymous_5)
DA:5,2
DA:6,2
DA:8,2
DA:9,0
DA:10,0
DA:16,0
DA:18,0
DA:20,0
DA:23,2
DA:24,4
DA:25,4
DA:28,4
DA:30,0
DA:33,2
DA:34,1
DA:35,1
DA:39,1
DA:41,0
DA:44,2
DA:45,0
DA:46,0
DA:47,0
DA:49,0
DA:52,2
DA:53,0
DA:54,0
DA:55,0
DA:56,0
DA:58,0
DA:59,0
DA:64,2
LF:31
LH:14
BRF:0
BRH:0
end_of_record
TN:
SF:src\utils\emailGenerators.js
FN:5,(anonymous_0)
FN:25,(anonymous_1)
FN:44,(anonymous_2)
FNF:3
FNH:0
FNDA:0,(anonymous_0)
FNDA:0,(anonymous_1)
FNDA:0,(anonymous_2)
DA:1,2
DA:2,2
DA:3,2
DA:5,2
DA:6,0
DA:9,0
DA:12,0
DA:22,0
DA:25,2
DA:26,0
DA:29,0
DA:32,0
DA:42,0
DA:44,2
DA:45,0
DA:55,0
DA:57,2
LF:17
LH:7
BRF:0
BRH:0
end_of_record
TN:
SF:src\utils\emailSender.js
FN:2,(anonymous_0)
FN:4,(anonymous_1)
FNF:2
FNH:0
FNDA:0,(anonymous_0)
FNDA:0,(anonymous_1)
DA:1,2
DA:2,2
DA:4,0
DA:5,0
DA:6,0
LF:5
LH:2
BRDA:5,0,0,0
BRDA:5,0,1,0
BRF:2
BRH:0
end_of_record
TN:
SF:src\utils\messageUiGenerator.js
FN:1,(anonymous_0)
FNF:1
FNH:0
FNDA:0,(anonymous_0)
DA:1,2
DA:2,0
DA:4,0
DA:6,0
DA:10,0
DA:11,0
DA:13,0
DA:16,0
DA:17,0
DA:19,0
DA:20,0
DA:21,0
DA:23,0
DA:26,0
DA:41,0
DA:44,2
LF:16
LH:2
BRDA:1,0,0,0
BRDA:4,1,0,0
BRDA:4,1,1,0
BRDA:4,1,2,0
BRDA:4,1,3,0
BRF:5
BRH:0
end_of_record
TN:
SF:src\utils\generators\index.js
FN:3,(anonymous_0)
FNF:1
FNH:1
FNDA:1,(anonymous_0)
DA:1,2
DA:2,2
DA:3,2
DA:4,1
DA:9,1
DA:12,2
LF:6
LH:6
BRF:0
BRH:0
end_of_record
TN:
SF:src\validators\index.js
FNF:0
FNH:0
DA:1,2
DA:2,2
DA:3,2
DA:5,2
LF:4
LH:4
BRF:0
BRH:0
end_of_record
TN:
SF:src\validators\login.validation.js
FNF:0
FNH:0
DA:1,2
DA:3,2
LF:2
LH:2
BRF:0
BRH:0
end_of_record
TN:
SF:src\validators\project.validation.js
FNF:0
FNH:0
DA:1,2
DA:3,2
LF:2
LH:2
BRF:0
BRH:0
end_of_record
TN:
SF:src\validators\register.validation.js
FN:8,(anonymous_0)
FNF:1
FNH:1
FNDA:3,(anonymous_0)
DA:1,2
DA:3,2
DA:9,3
DA:10,1
DA:12,2
LF:5
LH:5
BRDA:9,0,0,1
BRDA:9,0,1,2
BRF:2
BRH:2
end_of_record
